------------------------------------------
Hourly Update for Fall_2017 has finished
Finished on: Thu Mar 30 11:56:16 EDT 2017

------------------------------------------
Hourly Update for Fall_2017 has finished
Finished on: Thu Mar 30 12:39:06 EDT 2017

------------------------------------------
Hourly Update for Fall_2017 has finished
Finished on: Thu Mar 30 14:04:00 EDT 2017

------------------------------------------
Hourly Update for Fall_2017 has finished
Finished on: Thu Mar 30 16:29:53 EDT 2017

------------------------------------------
Hourly Update for Fall_2017 has finished
Finished on: Thu Mar 30 16:54:46 EDT 2017

------------------------------------------
Hourly Update for Fall_2017 has finished
Finished on: Thu Mar 30 16:59:15 EDT 2017

------------------------------------------
Hourly Update for Fall_2017 has finished
Finished on: Thu Mar 30 17:38:37 EDT 2017

------------------------------------------
Hourly Update for Fall_2017 has started
Started on: Thu Mar 30 20:59:33 EDT 2017
------------------------------------------
Hourly Update for Fall_2017 has started
Started on: Thu Mar 30 20:59:37 EDT 2017
Hourly Update for Fall_2017 has finished
Finished on: Thu Mar 30 20:59:42 EDT 2017

Hourly Update for Fall_2017 has finished
Finished on: Thu Mar 30 21:03:56 EDT 2017

------------------------------------------
Hourly Update for Fall_2017 has started
Started on: Thu Mar 30 23:07:51 EDT 2017
Hourly Update for Fall_2017 has finished
Finished on: Thu Mar 30 23:08:05 EDT 2017

------------------------------------------
Hourly Update for Fall_2017 has started
Started on: Thu Mar 30 23:09:21 EDT 2017
Hourly Update for Fall_2017 has finished
Finished on: Thu Mar 30 23:09:35 EDT 2017

------------------------------------------
Hourly Update for Fall_2017 has started
Started on: Fri Mar 31 02:11:02 EDT 2017
Hourly Update for Fall_2017 has finished
Finished on: Fri Mar 31 02:11:16 EDT 2017

------------------------------------------
Update for Fall_2017 has started
Started on: Fri Mar 31 08:34:31 EDT 2017
Update for Fall_2017 has finished
Finished on: Fri Mar 31 08:38:58 EDT 2017

------------------------------------------
Update for Fall_2017 has started
Started on: Fri Mar 31 11:42:32 EDT 2017
Update for Fall_2017 has finished
Finished on: Fri Mar 31 11:47:01 EDT 2017

------------------------------------------
Update for Fall_2017 has started
Started on: Fri Mar 31 17:01:07 EDT 2017
Update for Fall_2017 has finished
Finished on: Fri Mar 31 17:05:34 EDT 2017

------------------------------------------
Update for Fall_2017 has started
Started on: Fri Mar 31 20:49:54 EDT 2017
Update for Fall_2017 has finished
Finished on: Fri Mar 31 20:54:21 EDT 2017

